<?xml version="1.0" encoding="UTF-8"?>
<coverage generated="1637494724">
  <project timestamp="1637494724">
    <file name="C:\Users\elzob\Documents\todoco\src\Controller\HomeController.php">
      <class name="App\Controller\HomeController" namespace="global">
        <metrics complexity="1" methods="1" coveredmethods="1" conditionals="0" coveredconditionals="0" statements="2" coveredstatements="2" elements="3" coveredelements="3"/>
      </class>
      <line num="14" type="method" name="index" visibility="public" complexity="1" crap="1" count="1"/>
      <line num="16" type="stmt" count="1"/>
      <line num="17" type="stmt" count="1"/>
      <metrics loc="19" ncloc="16" classes="1" methods="1" coveredmethods="1" conditionals="0" coveredconditionals="0" statements="2" coveredstatements="2" elements="3" coveredelements="3"/>
    </file>
    <file name="C:\Users\elzob\Documents\todoco\src\Controller\SecurityController.php">
      <class name="App\Controller\SecurityController" namespace="global">
        <metrics complexity="3" methods="2" coveredmethods="0" conditionals="0" coveredconditionals="0" statements="8" coveredstatements="6" elements="10" coveredelements="6"/>
      </class>
      <line num="14" type="method" name="loginAction" visibility="public" complexity="2" crap="2.01" count="1"/>
      <line num="16" type="stmt" count="1"/>
      <line num="17" type="stmt" count="0"/>
      <line num="19" type="stmt" count="1"/>
      <line num="20" type="stmt" count="1"/>
      <line num="22" type="stmt" count="1"/>
      <line num="23" type="stmt" count="1"/>
      <line num="24" type="stmt" count="1"/>
      <line num="31" type="method" name="logout" visibility="public" complexity="1" crap="2" count="0"/>
      <line num="33" type="stmt" count="0"/>
      <metrics loc="35" ncloc="29" classes="1" methods="2" coveredmethods="0" conditionals="0" coveredconditionals="0" statements="8" coveredstatements="6" elements="10" coveredelements="6"/>
    </file>
    <file name="C:\Users\elzob\Documents\todoco\src\Controller\TaskController.php">
      <class name="App\Controller\TaskController" namespace="global">
        <metrics complexity="9" methods="5" coveredmethods="5" conditionals="0" coveredconditionals="0" statements="28" coveredstatements="28" elements="33" coveredelements="33"/>
      </class>
      <line num="26" type="method" name="list" visibility="public" complexity="1" crap="1" count="2"/>
      <line num="28" type="stmt" count="2"/>
      <line num="30" type="stmt" count="2"/>
      <line num="31" type="stmt" count="2"/>
      <line num="46" type="method" name="create" visibility="public" complexity="3" crap="3" count="3"/>
      <line num="48" type="stmt" count="3"/>
      <line num="49" type="stmt" count="3"/>
      <line num="50" type="stmt" count="3"/>
      <line num="51" type="stmt" count="3"/>
      <line num="52" type="stmt" count="2"/>
      <line num="53" type="stmt" count="2"/>
      <line num="54" type="stmt" count="2"/>
      <line num="55" type="stmt" count="2"/>
      <line num="57" type="stmt" count="2"/>
      <line num="60" type="stmt" count="3"/>
      <line num="74" type="method" name="edit" visibility="public" complexity="3" crap="3" count="3"/>
      <line num="76" type="stmt" count="3"/>
      <line num="77" type="stmt" count="3"/>
      <line num="78" type="stmt" count="3"/>
      <line num="79" type="stmt" count="3"/>
      <line num="80" type="stmt" count="3"/>
      <line num="81" type="stmt" count="3"/>
      <line num="83" type="stmt" count="3"/>
      <line num="86" type="stmt" count="3"/>
      <line num="95" type="method" name="toggle" visibility="public" complexity="1" crap="1" count="3"/>
      <line num="97" type="stmt" count="3"/>
      <line num="98" type="stmt" count="3"/>
      <line num="99" type="stmt" count="3"/>
      <line num="101" type="stmt" count="3"/>
      <line num="115" type="method" name="delete" visibility="public" complexity="1" crap="1" count="3"/>
      <line num="117" type="stmt" count="3"/>
      <line num="118" type="stmt" count="3"/>
      <line num="120" type="stmt" count="3"/>
      <metrics loc="122" ncloc="79" classes="1" methods="5" coveredmethods="5" conditionals="0" coveredconditionals="0" statements="28" coveredstatements="28" elements="33" coveredelements="33"/>
    </file>
    <file name="C:\Users\elzob\Documents\todoco\src\Controller\UserController.php">
      <class name="App\Controller\UserController" namespace="global">
        <metrics complexity="9" methods="3" coveredmethods="3" conditionals="0" coveredconditionals="0" statements="23" coveredstatements="23" elements="26" coveredelements="26"/>
      </class>
      <line num="23" type="method" name="list" visibility="public" complexity="1" crap="1" count="1"/>
      <line num="25" type="stmt" count="1"/>
      <line num="31" type="method" name="create" visibility="public" complexity="4" crap="4" count="3"/>
      <line num="33" type="stmt" count="3"/>
      <line num="34" type="stmt" count="3"/>
      <line num="36" type="stmt" count="3"/>
      <line num="38" type="stmt" count="3"/>
      <line num="39" type="stmt" count="3"/>
      <line num="40" type="stmt" count="3"/>
      <line num="41" type="stmt" count="2"/>
      <line num="43" type="stmt" count="3"/>
      <line num="44" type="stmt" count="3"/>
      <line num="45" type="stmt" count="3"/>
      <line num="47" type="stmt" count="3"/>
      <line num="50" type="stmt" count="3"/>
      <line num="57" type="method" name="edit" visibility="public" complexity="4" crap="4" count="5"/>
      <line num="59" type="stmt" count="5"/>
      <line num="61" type="stmt" count="5"/>
      <line num="63" type="stmt" count="5"/>
      <line num="64" type="stmt" count="2"/>
      <line num="65" type="stmt" count="2"/>
      <line num="67" type="stmt" count="2"/>
      <line num="68" type="stmt" count="2"/>
      <line num="69" type="stmt" count="2"/>
      <line num="71" type="stmt" count="2"/>
      <line num="74" type="stmt" count="5"/>
      <metrics loc="76" ncloc="65" classes="1" methods="3" coveredmethods="3" conditionals="0" coveredconditionals="0" statements="23" coveredstatements="23" elements="26" coveredelements="26"/>
    </file>
    <file name="C:\Users\elzob\Documents\todoco\src\DataFixtures\TaskFixtures.php">
      <class name="App\DataFixtures\TaskFixtures" namespace="global">
        <metrics complexity="9" methods="0" coveredmethods="0" conditionals="0" coveredconditionals="0" statements="0" coveredstatements="0" elements="0" coveredelements="0"/>
      </class>
      <metrics loc="91" ncloc="86" classes="0" methods="0" coveredmethods="0" conditionals="0" coveredconditionals="0" statements="0" coveredstatements="0" elements="0" coveredelements="0"/>
    </file>
    <file name="C:\Users\elzob\Documents\todoco\src\DataFixtures\UserFixtures.php">
      <class name="App\DataFixtures\UserFixtures" namespace="global">
        <metrics complexity="3" methods="0" coveredmethods="0" conditionals="0" coveredconditionals="0" statements="0" coveredstatements="0" elements="0" coveredelements="0"/>
      </class>
      <metrics loc="50" ncloc="45" classes="0" methods="0" coveredmethods="0" conditionals="0" coveredconditionals="0" statements="0" coveredstatements="0" elements="0" coveredelements="0"/>
    </file>
    <file name="C:\Users\elzob\Documents\todoco\src\Entity\Task.php">
      <class name="App\Entity\Task" namespace="global">
        <metrics complexity="16" methods="14" coveredmethods="14" conditionals="0" coveredconditionals="0" statements="25" coveredstatements="25" elements="39" coveredelements="39"/>
      </class>
      <line num="52" type="method" name="getId" visibility="public" complexity="1" crap="1" count="5"/>
      <line num="54" type="stmt" count="5"/>
      <line num="57" type="method" name="getCreatedAt" visibility="public" complexity="1" crap="1" count="3"/>
      <line num="59" type="stmt" count="3"/>
      <line num="62" type="method" name="setCreatedAt" visibility="public" complexity="2" crap="2" count="2"/>
      <line num="64" type="stmt" count="2"/>
      <line num="65" type="stmt" count="1"/>
      <line num="67" type="stmt" count="2"/>
      <line num="69" type="stmt" count="2"/>
      <line num="75" type="method" name="setDate" visibility="public" complexity="1" crap="1" count="3"/>
      <line num="77" type="stmt" count="3"/>
      <line num="78" type="stmt" count="3"/>
      <line num="83" type="method" name="setState" visibility="public" complexity="2" crap="2" count="3"/>
      <line num="85" type="stmt" count="3"/>
      <line num="86" type="stmt" count="3"/>
      <line num="88" type="stmt" count="3"/>
      <line num="90" type="method" name="getTitle" visibility="public" complexity="1" crap="1" count="9"/>
      <line num="92" type="stmt" count="9"/>
      <line num="95" type="method" name="setTitle" visibility="public" complexity="1" crap="1" count="6"/>
      <line num="97" type="stmt" count="6"/>
      <line num="99" type="stmt" count="6"/>
      <line num="102" type="method" name="getContent" visibility="public" complexity="1" crap="1" count="9"/>
      <line num="104" type="stmt" count="9"/>
      <line num="107" type="method" name="setContent" visibility="public" complexity="1" crap="1" count="6"/>
      <line num="109" type="stmt" count="6"/>
      <line num="111" type="stmt" count="6"/>
      <line num="114" type="method" name="getIsDone" visibility="public" complexity="1" crap="1" count="5"/>
      <line num="116" type="stmt" count="5"/>
      <line num="119" type="method" name="setIsDone" visibility="public" complexity="1" crap="1" count="2"/>
      <line num="121" type="stmt" count="2"/>
      <line num="123" type="stmt" count="2"/>
      <line num="126" type="method" name="toggleState" visibility="public" complexity="1" crap="1" count="4"/>
      <line num="128" type="stmt" count="4"/>
      <line num="129" type="stmt" count="4"/>
      <line num="131" type="method" name="getAuthor" visibility="public" complexity="1" crap="1" count="26"/>
      <line num="133" type="stmt" count="26"/>
      <line num="136" type="method" name="setAuthor" visibility="public" complexity="1" crap="1" count="4"/>
      <line num="138" type="stmt" count="4"/>
      <line num="140" type="stmt" count="4"/>
      <metrics loc="142" ncloc="107" classes="1" methods="14" coveredmethods="14" conditionals="0" coveredconditionals="0" statements="25" coveredstatements="25" elements="39" coveredelements="39"/>
    </file>
    <file name="C:\Users\elzob\Documents\todoco\src\Entity\User.php">
      <class name="App\Entity\User" namespace="global">
        <metrics complexity="20" methods="14" coveredmethods="14" conditionals="0" coveredconditionals="0" statements="25" coveredstatements="25" elements="39" coveredelements="39"/>
      </class>
      <line num="61" type="method" name="__construct" visibility="public" complexity="1" crap="1" count="9"/>
      <line num="63" type="stmt" count="9"/>
      <line num="64" type="stmt" count="9"/>
      <line num="66" type="method" name="getId" visibility="public" complexity="1" crap="1" count="9"/>
      <line num="68" type="stmt" count="9"/>
      <line num="71" type="method" name="getUsername" visibility="public" complexity="1" crap="1" count="57"/>
      <line num="73" type="stmt" count="57"/>
      <line num="76" type="method" name="setUsername" visibility="public" complexity="1" crap="1" count="6"/>
      <line num="78" type="stmt" count="6"/>
      <line num="80" type="stmt" count="6"/>
      <line num="83" type="method" name="getPassword" visibility="public" complexity="1" crap="1" count="57"/>
      <line num="85" type="stmt" count="57"/>
      <line num="88" type="method" name="setPassword" visibility="public" complexity="1" crap="1" count="7"/>
      <line num="90" type="stmt" count="7"/>
      <line num="92" type="stmt" count="7"/>
      <line num="95" type="method" name="getEmail" visibility="public" complexity="1" crap="1" count="10"/>
      <line num="97" type="stmt" count="10"/>
      <line num="100" type="method" name="setEmail" visibility="public" complexity="1" crap="1" count="6"/>
      <line num="102" type="stmt" count="6"/>
      <line num="104" type="stmt" count="6"/>
      <line num="110" type="method" name="getTasks" visibility="public" complexity="1" crap="1" count="2"/>
      <line num="112" type="stmt" count="2"/>
      <line num="115" type="method" name="addTask" visibility="public" complexity="2" crap="2" count="3"/>
      <line num="117" type="stmt" count="3"/>
      <line num="118" type="stmt" count="3"/>
      <line num="119" type="stmt" count="3"/>
      <line num="122" type="stmt" count="3"/>
      <line num="125" type="method" name="removeTask" visibility="public" complexity="3" crap="3" count="1"/>
      <line num="127" type="stmt" count="1"/>
      <line num="129" type="stmt" count="1"/>
      <line num="130" type="stmt" count="1"/>
      <line num="134" type="stmt" count="1"/>
      <line num="137" type="method" name="getRoles" visibility="public" complexity="1" crap="1" count="59"/>
      <line num="139" type="stmt" count="59"/>
      <line num="169" type="method" name="getRole" visibility="public" complexity="1" crap="1" count="8"/>
      <line num="171" type="stmt" count="8"/>
      <line num="174" type="method" name="setRole" visibility="public" complexity="1" crap="1" count="4"/>
      <line num="176" type="stmt" count="4"/>
      <line num="177" type="stmt" count="4"/>
      <metrics loc="178" ncloc="129" classes="1" methods="14" coveredmethods="14" conditionals="0" coveredconditionals="0" statements="25" coveredstatements="25" elements="39" coveredelements="39"/>
    </file>
    <file name="C:\Users\elzob\Documents\todoco\src\Form\TaskType.php">
      <class name="App\Form\TaskType" namespace="global">
        <metrics complexity="2" methods="2" coveredmethods="2" conditionals="0" coveredconditionals="0" statements="6" coveredstatements="6" elements="8" coveredelements="8"/>
      </class>
      <line num="13" type="method" name="buildForm" visibility="public" complexity="1" crap="1" count="6"/>
      <line num="16" type="stmt" count="6"/>
      <line num="17" type="stmt" count="6"/>
      <line num="19" type="stmt" count="6"/>
      <line num="21" type="method" name="configureOptions" visibility="public" complexity="1" crap="1" count="6"/>
      <line num="23" type="stmt" count="6"/>
      <line num="24" type="stmt" count="6"/>
      <line num="26" type="stmt" count="6"/>
      <metrics loc="27" ncloc="27" classes="1" methods="2" coveredmethods="2" conditionals="0" coveredconditionals="0" statements="6" coveredstatements="6" elements="8" coveredelements="8"/>
    </file>
    <file name="C:\Users\elzob\Documents\todoco\src\Form\UserType.php">
      <class name="App\Form\UserType" namespace="global">
        <metrics complexity="3" methods="2" coveredmethods="2" conditionals="0" coveredconditionals="0" statements="15" coveredstatements="15" elements="17" coveredelements="17"/>
      </class>
      <line num="17" type="method" name="buildForm" visibility="public" complexity="2" crap="2" count="8"/>
      <line num="20" type="stmt" count="8"/>
      <line num="21" type="stmt" count="8"/>
      <line num="22" type="stmt" count="8"/>
      <line num="23" type="stmt" count="8"/>
      <line num="24" type="stmt" count="8"/>
      <line num="29" type="stmt" count="8"/>
      <line num="32" type="stmt" count="8"/>
      <line num="33" type="stmt" count="5"/>
      <line num="35" type="stmt" count="5"/>
      <line num="40" type="stmt" count="8"/>
      <line num="42" type="method" name="configureOptions" visibility="public" complexity="1" crap="1" count="8"/>
      <line num="44" type="stmt" count="8"/>
      <line num="45" type="stmt" count="8"/>
      <line num="47" type="stmt" count="8"/>
      <line num="48" type="stmt" count="8"/>
      <line num="49" type="stmt" count="8"/>
      <metrics loc="50" ncloc="50" classes="1" methods="2" coveredmethods="2" conditionals="0" coveredconditionals="0" statements="15" coveredstatements="15" elements="17" coveredelements="17"/>
    </file>
    <file name="C:\Users\elzob\Documents\todoco\src\Kernel.php">
      <class name="App\Kernel" namespace="global">
        <metrics complexity="4" methods="0" coveredmethods="0" conditionals="0" coveredconditionals="0" statements="0" coveredstatements="0" elements="0" coveredelements="0"/>
      </class>
      <metrics loc="41" ncloc="38" classes="0" methods="0" coveredmethods="0" conditionals="0" coveredconditionals="0" statements="0" coveredstatements="0" elements="0" coveredelements="0"/>
    </file>
    <file name="C:\Users\elzob\Documents\todoco\src\Manager\UserManager.php">
      <class name="App\Manager\UserManager" namespace="global">
        <metrics complexity="2" methods="2" coveredmethods="2" conditionals="0" coveredconditionals="0" statements="6" coveredstatements="6" elements="8" coveredelements="8"/>
      </class>
      <line num="12" type="method" name="__construct" visibility="public" complexity="1" crap="1" count="13"/>
      <line num="14" type="stmt" count="13"/>
      <line num="15" type="stmt" count="13"/>
      <line num="17" type="method" name="setPassword" visibility="public" complexity="1" crap="1" count="6"/>
      <line num="19" type="stmt" count="6"/>
      <line num="20" type="stmt" count="6"/>
      <line num="21" type="stmt" count="6"/>
      <line num="25" type="stmt" count="6"/>
      <metrics loc="26" ncloc="26" classes="1" methods="2" coveredmethods="2" conditionals="0" coveredconditionals="0" statements="6" coveredstatements="6" elements="8" coveredelements="8"/>
    </file>
    <file name="C:\Users\elzob\Documents\todoco\src\Repository\TaskRepository.php">
      <class name="App\Repository\TaskRepository" namespace="global">
        <metrics complexity="3" methods="2" coveredmethods="2" conditionals="0" coveredconditionals="0" statements="11" coveredstatements="11" elements="13" coveredelements="13"/>
      </class>
      <line num="18" type="method" name="__construct" visibility="public" complexity="1" crap="1" count="53"/>
      <line num="20" type="stmt" count="53"/>
      <line num="21" type="stmt" count="53"/>
      <line num="26" type="method" name="findByUserState" visibility="public" complexity="2" crap="2" count="3"/>
      <line num="29" type="stmt" count="3"/>
      <line num="30" type="stmt" count="3"/>
      <line num="31" type="stmt" count="3"/>
      <line num="34" type="stmt" count="3"/>
      <line num="35" type="stmt" count="2"/>
      <line num="40" type="stmt" count="3"/>
      <line num="41" type="stmt" count="3"/>
      <line num="44" type="stmt" count="3"/>
      <line num="45" type="stmt" count="3"/>
      <metrics loc="47" ncloc="38" classes="1" methods="2" coveredmethods="2" conditionals="0" coveredconditionals="0" statements="11" coveredstatements="11" elements="13" coveredelements="13"/>
    </file>
    <file name="C:\Users\elzob\Documents\todoco\src\Repository\UserRepository.php">
      <class name="App\Repository\UserRepository" namespace="global">
        <metrics complexity="1" methods="1" coveredmethods="1" conditionals="0" coveredconditionals="0" statements="2" coveredstatements="2" elements="3" coveredelements="3"/>
      </class>
      <line num="17" type="method" name="__construct" visibility="public" complexity="1" crap="1" count="66"/>
      <line num="19" type="stmt" count="66"/>
      <line num="20" type="stmt" count="66"/>
      <metrics loc="21" ncloc="15" classes="1" methods="1" coveredmethods="1" conditionals="0" coveredconditionals="0" statements="2" coveredstatements="2" elements="3" coveredelements="3"/>
    </file>
    <file name="C:\Users\elzob\Documents\todoco\src\Security\UserAuthenticator.php">
      <class name="App\Security\UserAuthenticator" namespace="global">
        <metrics complexity="5" methods="4" coveredmethods="3" conditionals="0" coveredconditionals="0" statements="13" coveredstatements="12" elements="17" coveredelements="15"/>
      </class>
      <line num="29" type="method" name="__construct" visibility="public" complexity="1" crap="1" count="85"/>
      <line num="31" type="stmt" count="85"/>
      <line num="32" type="stmt" count="85"/>
      <line num="33" type="stmt" count="85"/>
      <line num="35" type="method" name="authenticate" visibility="public" complexity="1" crap="1" count="1"/>
      <line num="37" type="stmt" count="1"/>
      <line num="39" type="stmt" count="1"/>
      <line num="41" type="stmt" count="1"/>
      <line num="42" type="stmt" count="1"/>
      <line num="43" type="stmt" count="1"/>
      <line num="45" type="stmt" count="1"/>
      <line num="50" type="method" name="onAuthenticationSuccess" visibility="public" complexity="2" crap="2.15" count="1"/>
      <line num="52" type="stmt" count="1"/>
      <line num="53" type="stmt" count="0"/>
      <line num="56" type="stmt" count="1"/>
      <line num="59" type="method" name="getLoginUrl" visibility="protected" complexity="1" crap="1" count="50"/>
      <line num="61" type="stmt" count="50"/>
      <metrics loc="63" ncloc="63" classes="1" methods="4" coveredmethods="3" conditionals="0" coveredconditionals="0" statements="13" coveredstatements="12" elements="17" coveredelements="15"/>
    </file>
    <file name="C:\Users\elzob\Documents\todoco\src\Security\Voter\TaskVoter.php">
      <class name="App\Security\Voter\TaskVoter" namespace="global">
        <metrics complexity="14" methods="3" coveredmethods="2" conditionals="0" coveredconditionals="0" statements="23" coveredstatements="21" elements="26" coveredelements="23"/>
      </class>
      <line num="20" type="method" name="__construct" visibility="public" complexity="1" crap="1" count="53"/>
      <line num="22" type="stmt" count="53"/>
      <line num="23" type="stmt" count="53"/>
      <line num="25" type="method" name="supports" visibility="protected" complexity="3" crap="3" count="53"/>
      <line num="29" type="stmt" count="53"/>
      <line num="30" type="stmt" count="53"/>
      <line num="32" type="stmt" count="53"/>
      <line num="33" type="stmt" count="53"/>
      <line num="34" type="stmt" count="53"/>
      <line num="35" type="stmt" count="53"/>
      <line num="36" type="stmt" count="53"/>
      <line num="38" type="stmt" count="53"/>
      <line num="41" type="method" name="voteOnAttribute" visibility="protected" complexity="10" crap="10.36" count="37"/>
      <line num="43" type="stmt" count="37"/>
      <line num="45" type="stmt" count="37"/>
      <line num="46" type="stmt" count="11"/>
      <line num="51" type="stmt" count="26"/>
      <line num="52" type="stmt" count="24"/>
      <line num="53" type="stmt" count="2"/>
      <line num="54" type="stmt" count="24"/>
      <line num="55" type="stmt" count="12"/>
      <line num="56" type="stmt" count="6"/>
      <line num="57" type="stmt" count="24"/>
      <line num="58" type="stmt" count="0"/>
      <line num="61" type="stmt" count="24"/>
      <line num="64" type="stmt" count="0"/>
      <metrics loc="66" ncloc="62" classes="1" methods="3" coveredmethods="2" conditionals="0" coveredconditionals="0" statements="23" coveredstatements="21" elements="26" coveredelements="23"/>
    </file>
    <file name="C:\Users\elzob\Documents\todoco\src\Security\Voter\UserVoter.php">
      <class name="App\Security\Voter\UserVoter" namespace="global">
        <metrics complexity="8" methods="2" coveredmethods="1" conditionals="0" coveredconditionals="0" statements="12" coveredstatements="10" elements="14" coveredelements="11"/>
      </class>
      <line num="14" type="method" name="supports" visibility="protected" complexity="3" crap="3" count="46"/>
      <line num="18" type="stmt" count="46"/>
      <line num="19" type="stmt" count="46"/>
      <line num="21" type="stmt" count="46"/>
      <line num="24" type="stmt" count="46"/>
      <line num="27" type="method" name="voteOnAttribute" visibility="protected" complexity="5" crap="5.39" count="9"/>
      <line num="29" type="stmt" count="9"/>
      <line num="31" type="stmt" count="9"/>
      <line num="32" type="stmt" count="1"/>
      <line num="37" type="stmt" count="8"/>
      <line num="38" type="stmt" count="8"/>
      <line num="39" type="stmt" count="0"/>
      <line num="42" type="stmt" count="8"/>
      <line num="45" type="stmt" count="0"/>
      <metrics loc="47" ncloc="43" classes="1" methods="2" coveredmethods="1" conditionals="0" coveredconditionals="0" statements="12" coveredstatements="10" elements="14" coveredelements="11"/>
    </file>
    <file name="C:\Users\elzob\Documents\todoco\src\Tests\XwykGetSetTestCase.php">
      <class name="App\Tests\XwykGetSetTestCase" namespace="global">
        <metrics complexity="2" methods="0" coveredmethods="0" conditionals="0" coveredconditionals="0" statements="0" coveredstatements="0" elements="0" coveredelements="0"/>
      </class>
      <metrics loc="36" ncloc="28" classes="0" methods="0" coveredmethods="0" conditionals="0" coveredconditionals="0" statements="0" coveredstatements="0" elements="0" coveredelements="0"/>
    </file>
    <file name="C:\Users\elzob\Documents\todoco\src\Tests\XwykWebTestCase.php">
      <class name="App\Tests\XwykWebTestCase" namespace="global">
        <metrics complexity="11" methods="0" coveredmethods="0" conditionals="0" coveredconditionals="0" statements="0" coveredstatements="0" elements="0" coveredelements="0"/>
      </class>
      <metrics loc="95" ncloc="85" classes="0" methods="0" coveredmethods="0" conditionals="0" coveredconditionals="0" statements="0" coveredstatements="0" elements="0" coveredelements="0"/>
    </file>
    <metrics files="19" loc="1232" ncloc="1031" classes="14" methods="57" coveredmethods="52" conditionals="0" coveredconditionals="0" statements="199" coveredstatements="192" elements="256" coveredelements="244"/>
  </project>
</coverage>
