<?xml version="1.0" encoding="UTF-8"?>
<testsuites>
  <testsuite name="" tests="101" assertions="524" errors="0" warnings="0" failures="0" skipped="0" time="23.948152">
    <testsuite name="Project Test Suite" tests="101" assertions="524" errors="0" warnings="0" failures="0" skipped="0" time="23.948152">
      <testsuite name="App\Tests\Controller\HomeControllerTest" file="C:\Users\elzob\Documents\todoco\tests\Controller\HomeControllerTest.php" tests="1" assertions="1" errors="0" warnings="0" failures="0" skipped="0" time="4.315902">
        <testsuite name="App\Tests\Controller\HomeControllerTest::testEntryPoints" tests="1" assertions="1" errors="0" warnings="0" failures="0" skipped="0" time="4.315902">
          <testcase name="testEntryPoints with data set &quot;testHome&quot;" class="App\Tests\Controller\HomeControllerTest" classname="App.Tests.Controller.HomeControllerTest" file="C:\Users\elzob\Documents\todoco\tests\Controller\HomeControllerTest.php" line="54" assertions="1" time="4.315902"/>
        </testsuite>
      </testsuite>
      <testsuite name="App\Tests\Controller\SecurityControllerTest" file="C:\Users\elzob\Documents\todoco\tests\Controller\SecurityControllerTest.php" tests="2" assertions="4" errors="0" warnings="0" failures="0" skipped="0" time="0.903241">
        <testsuite name="App\Tests\Controller\SecurityControllerTest::testEntryPoints" tests="2" assertions="4" errors="0" warnings="0" failures="0" skipped="0" time="0.903241">
          <testcase name="testEntryPoints with data set &quot;testAuthenticate&quot;" class="App\Tests\Controller\SecurityControllerTest" classname="App.Tests.Controller.SecurityControllerTest" file="C:\Users\elzob\Documents\todoco\tests\Controller\SecurityControllerTest.php" line="54" assertions="3" time="0.812517"/>
          <testcase name="testEntryPoints with data set &quot;testLogout&quot;" class="App\Tests\Controller\SecurityControllerTest" classname="App.Tests.Controller.SecurityControllerTest" file="C:\Users\elzob\Documents\todoco\tests\Controller\SecurityControllerTest.php" line="54" assertions="1" time="0.090724"/>
        </testsuite>
      </testsuite>
      <testsuite name="App\Tests\Controller\TaskControllerAdminTest" file="C:\Users\elzob\Documents\todoco\tests\Controller\TaskControllerAdminTest.php" tests="19" assertions="26" errors="0" warnings="0" failures="0" skipped="0" time="4.262647">
        <testsuite name="App\Tests\Controller\TaskControllerAdminTest::testEntryPoints" tests="19" assertions="26" errors="0" warnings="0" failures="0" skipped="0" time="4.262647">
          <testcase name="testEntryPoints with data set &quot;testTaskListGetAdm&quot;" class="App\Tests\Controller\TaskControllerAdminTest" classname="App.Tests.Controller.TaskControllerAdminTest" file="C:\Users\elzob\Documents\todoco\tests\Controller\TaskControllerAdminTest.php" line="54" assertions="2" time="0.150963"/>
          <testcase name="testEntryPoints with data set &quot;testTaskCreateGetAdm&quot;" class="App\Tests\Controller\TaskControllerAdminTest" classname="App.Tests.Controller.TaskControllerAdminTest" file="C:\Users\elzob\Documents\todoco\tests\Controller\TaskControllerAdminTest.php" line="54" assertions="3" time="0.453686"/>
          <testcase name="testEntryPoints with data set &quot;testTaskCreatePostAdm&quot;" class="App\Tests\Controller\TaskControllerAdminTest" classname="App.Tests.Controller.TaskControllerAdminTest" file="C:\Users\elzob\Documents\todoco\tests\Controller\TaskControllerAdminTest.php" line="54" assertions="1" time="0.093518"/>
          <testcase name="testEntryPoints with data set &quot;testTaskEditGetAdmIdOk&quot;" class="App\Tests\Controller\TaskControllerAdminTest" classname="App.Tests.Controller.TaskControllerAdminTest" file="C:\Users\elzob\Documents\todoco\tests\Controller\TaskControllerAdminTest.php" line="54" assertions="3" time="0.476854"/>
          <testcase name="testEntryPoints with data set &quot;testTaskEditGetAdmIdNotValid&quot;" class="App\Tests\Controller\TaskControllerAdminTest" classname="App.Tests.Controller.TaskControllerAdminTest" file="C:\Users\elzob\Documents\todoco\tests\Controller\TaskControllerAdminTest.php" line="54" assertions="1" time="0.156621"/>
          <testcase name="testEntryPoints with data set &quot;testTaskEditGetAdmIdNotBelong&quot;" class="App\Tests\Controller\TaskControllerAdminTest" classname="App.Tests.Controller.TaskControllerAdminTest" file="C:\Users\elzob\Documents\todoco\tests\Controller\TaskControllerAdminTest.php" line="54" assertions="1" time="0.300905"/>
          <testcase name="testEntryPoints with data set &quot;testTaskEditGetAdmAnonymousTask&quot;" class="App\Tests\Controller\TaskControllerAdminTest" classname="App.Tests.Controller.TaskControllerAdminTest" file="C:\Users\elzob\Documents\todoco\tests\Controller\TaskControllerAdminTest.php" line="54" assertions="3" time="0.486140"/>
          <testcase name="testEntryPoints with data set &quot;testTaskEditGetAdmIdNotValidDataOk&quot;" class="App\Tests\Controller\TaskControllerAdminTest" classname="App.Tests.Controller.TaskControllerAdminTest" file="C:\Users\elzob\Documents\todoco\tests\Controller\TaskControllerAdminTest.php" line="54" assertions="1" time="0.159883"/>
          <testcase name="testEntryPoints with data set &quot;testTaskEditGetAdmIdNotValidDataKo&quot;" class="App\Tests\Controller\TaskControllerAdminTest" classname="App.Tests.Controller.TaskControllerAdminTest" file="C:\Users\elzob\Documents\todoco\tests\Controller\TaskControllerAdminTest.php" line="54" assertions="1" time="0.171292"/>
          <testcase name="testEntryPoints with data set &quot;testTaskEditGetAdmIdNotBelongDataOk&quot;" class="App\Tests\Controller\TaskControllerAdminTest" classname="App.Tests.Controller.TaskControllerAdminTest" file="C:\Users\elzob\Documents\todoco\tests\Controller\TaskControllerAdminTest.php" line="54" assertions="1" time="0.307940"/>
          <testcase name="testEntryPoints with data set &quot;testTaskEditGetAdmIdNotBelongDataKo&quot;" class="App\Tests\Controller\TaskControllerAdminTest" classname="App.Tests.Controller.TaskControllerAdminTest" file="C:\Users\elzob\Documents\todoco\tests\Controller\TaskControllerAdminTest.php" line="54" assertions="1" time="0.243594"/>
          <testcase name="testEntryPoints with data set &quot;testTaskTogglePutAdmIdOk&quot;" class="App\Tests\Controller\TaskControllerAdminTest" classname="App.Tests.Controller.TaskControllerAdminTest" file="C:\Users\elzob\Documents\todoco\tests\Controller\TaskControllerAdminTest.php" line="54" assertions="1" time="0.091630"/>
          <testcase name="testEntryPoints with data set &quot;testTaskTogglePutAdmIdNotValid&quot;" class="App\Tests\Controller\TaskControllerAdminTest" classname="App.Tests.Controller.TaskControllerAdminTest" file="C:\Users\elzob\Documents\todoco\tests\Controller\TaskControllerAdminTest.php" line="54" assertions="1" time="0.177809"/>
          <testcase name="testEntryPoints with data set &quot;testTaskTogglePutAdmIdNotBelong&quot;" class="App\Tests\Controller\TaskControllerAdminTest" classname="App.Tests.Controller.TaskControllerAdminTest" file="C:\Users\elzob\Documents\todoco\tests\Controller\TaskControllerAdminTest.php" line="54" assertions="1" time="0.286942"/>
          <testcase name="testEntryPoints with data set &quot;testTaskTogglePutAdmAnonymousTask&quot;" class="App\Tests\Controller\TaskControllerAdminTest" classname="App.Tests.Controller.TaskControllerAdminTest" file="C:\Users\elzob\Documents\todoco\tests\Controller\TaskControllerAdminTest.php" line="54" assertions="1" time="0.077593"/>
          <testcase name="testEntryPoints with data set &quot;testTaskDeleteDeleteAdmIdOk&quot;" class="App\Tests\Controller\TaskControllerAdminTest" classname="App.Tests.Controller.TaskControllerAdminTest" file="C:\Users\elzob\Documents\todoco\tests\Controller\TaskControllerAdminTest.php" line="54" assertions="1" time="0.095268"/>
          <testcase name="testEntryPoints with data set &quot;testTaskDeleteDeleteAdmIdNotValid&quot;" class="App\Tests\Controller\TaskControllerAdminTest" classname="App.Tests.Controller.TaskControllerAdminTest" file="C:\Users\elzob\Documents\todoco\tests\Controller\TaskControllerAdminTest.php" line="54" assertions="1" time="0.188584"/>
          <testcase name="testEntryPoints with data set &quot;testTaskDeleteDeleteAdmIdNotBelong&quot;" class="App\Tests\Controller\TaskControllerAdminTest" classname="App.Tests.Controller.TaskControllerAdminTest" file="C:\Users\elzob\Documents\todoco\tests\Controller\TaskControllerAdminTest.php" line="54" assertions="1" time="0.262430"/>
          <testcase name="testEntryPoints with data set &quot;testTaskDeleteDeleteAdmAnonymousTask&quot;" class="App\Tests\Controller\TaskControllerAdminTest" classname="App.Tests.Controller.TaskControllerAdminTest" file="C:\Users\elzob\Documents\todoco\tests\Controller\TaskControllerAdminTest.php" line="54" assertions="1" time="0.080993"/>
        </testsuite>
      </testsuite>
      <testsuite name="App\Tests\Controller\TaskControllerAnonymousTest" file="C:\Users\elzob\Documents\todoco\tests\Controller\TaskControllerAnonymousTest.php" tests="19" assertions="19" errors="0" warnings="0" failures="0" skipped="0" time="1.529316">
        <testsuite name="App\Tests\Controller\TaskControllerAnonymousTest::testEntryPoints" tests="19" assertions="19" errors="0" warnings="0" failures="0" skipped="0" time="1.529316">
          <testcase name="testEntryPoints with data set &quot;testTaskListGetAno&quot;" class="App\Tests\Controller\TaskControllerAnonymousTest" classname="App.Tests.Controller.TaskControllerAnonymousTest" file="C:\Users\elzob\Documents\todoco\tests\Controller\TaskControllerAnonymousTest.php" line="54" assertions="1" time="0.078474"/>
          <testcase name="testEntryPoints with data set &quot;testTaskCreateGetAno&quot;" class="App\Tests\Controller\TaskControllerAnonymousTest" classname="App.Tests.Controller.TaskControllerAnonymousTest" file="C:\Users\elzob\Documents\todoco\tests\Controller\TaskControllerAnonymousTest.php" line="54" assertions="1" time="0.071010"/>
          <testcase name="testEntryPoints with data set &quot;testTaskCreatePostAnoDataOK&quot;" class="App\Tests\Controller\TaskControllerAnonymousTest" classname="App.Tests.Controller.TaskControllerAnonymousTest" file="C:\Users\elzob\Documents\todoco\tests\Controller\TaskControllerAnonymousTest.php" line="54" assertions="1" time="0.066591"/>
          <testcase name="testEntryPoints with data set &quot;testTaskCreatePostAnoDataKO&quot;" class="App\Tests\Controller\TaskControllerAnonymousTest" classname="App.Tests.Controller.TaskControllerAnonymousTest" file="C:\Users\elzob\Documents\todoco\tests\Controller\TaskControllerAnonymousTest.php" line="54" assertions="1" time="0.046166"/>
          <testcase name="testEntryPoints with data set &quot;testTaskEditGetAnoIdOk&quot;" class="App\Tests\Controller\TaskControllerAnonymousTest" classname="App.Tests.Controller.TaskControllerAnonymousTest" file="C:\Users\elzob\Documents\todoco\tests\Controller\TaskControllerAnonymousTest.php" line="54" assertions="1" time="0.061234"/>
          <testcase name="testEntryPoints with data set &quot;testTaskEditGetAnoIdNotValid&quot;" class="App\Tests\Controller\TaskControllerAnonymousTest" classname="App.Tests.Controller.TaskControllerAnonymousTest" file="C:\Users\elzob\Documents\todoco\tests\Controller\TaskControllerAnonymousTest.php" line="54" assertions="1" time="0.176415"/>
          <testcase name="testEntryPoints with data set &quot;testTaskEditGetAnoAnonymousTask&quot;" class="App\Tests\Controller\TaskControllerAnonymousTest" classname="App.Tests.Controller.TaskControllerAnonymousTest" file="C:\Users\elzob\Documents\todoco\tests\Controller\TaskControllerAnonymousTest.php" line="54" assertions="1" time="0.055355"/>
          <testcase name="testEntryPoints with data set &quot;testTaskEditPostAnoIdOkDataOk&quot;" class="App\Tests\Controller\TaskControllerAnonymousTest" classname="App.Tests.Controller.TaskControllerAnonymousTest" file="C:\Users\elzob\Documents\todoco\tests\Controller\TaskControllerAnonymousTest.php" line="54" assertions="1" time="0.063283"/>
          <testcase name="testEntryPoints with data set &quot;testTaskEditPostAnoIdOkDataKo&quot;" class="App\Tests\Controller\TaskControllerAnonymousTest" classname="App.Tests.Controller.TaskControllerAnonymousTest" file="C:\Users\elzob\Documents\todoco\tests\Controller\TaskControllerAnonymousTest.php" line="54" assertions="1" time="0.051084"/>
          <testcase name="testEntryPoints with data set &quot;testTaskEditGetAnoIdNotValidDataOk&quot;" class="App\Tests\Controller\TaskControllerAnonymousTest" classname="App.Tests.Controller.TaskControllerAnonymousTest" file="C:\Users\elzob\Documents\todoco\tests\Controller\TaskControllerAnonymousTest.php" line="54" assertions="1" time="0.172469"/>
          <testcase name="testEntryPoints with data set &quot;testTaskEditGetAnoIdNotValidDataKo&quot;" class="App\Tests\Controller\TaskControllerAnonymousTest" classname="App.Tests.Controller.TaskControllerAnonymousTest" file="C:\Users\elzob\Documents\todoco\tests\Controller\TaskControllerAnonymousTest.php" line="54" assertions="1" time="0.136642"/>
          <testcase name="testEntryPoints with data set &quot;testTaskEditGetAnoAnonymousTaskDataOk&quot;" class="App\Tests\Controller\TaskControllerAnonymousTest" classname="App.Tests.Controller.TaskControllerAnonymousTest" file="C:\Users\elzob\Documents\todoco\tests\Controller\TaskControllerAnonymousTest.php" line="54" assertions="1" time="0.047024"/>
          <testcase name="testEntryPoints with data set &quot;testTaskEditGetAnoAnonymousTaskDataKo&quot;" class="App\Tests\Controller\TaskControllerAnonymousTest" classname="App.Tests.Controller.TaskControllerAnonymousTest" file="C:\Users\elzob\Documents\todoco\tests\Controller\TaskControllerAnonymousTest.php" line="54" assertions="1" time="0.045620"/>
          <testcase name="testEntryPoints with data set &quot;testTaskTogglePutAnoIdOk&quot;" class="App\Tests\Controller\TaskControllerAnonymousTest" classname="App.Tests.Controller.TaskControllerAnonymousTest" file="C:\Users\elzob\Documents\todoco\tests\Controller\TaskControllerAnonymousTest.php" line="54" assertions="1" time="0.044307"/>
          <testcase name="testEntryPoints with data set &quot;testTaskTogglePutAnoIdNotValid&quot;" class="App\Tests\Controller\TaskControllerAnonymousTest" classname="App.Tests.Controller.TaskControllerAnonymousTest" file="C:\Users\elzob\Documents\todoco\tests\Controller\TaskControllerAnonymousTest.php" line="54" assertions="1" time="0.145832"/>
          <testcase name="testEntryPoints with data set &quot;testTaskTogglePutAnonymousTask&quot;" class="App\Tests\Controller\TaskControllerAnonymousTest" classname="App.Tests.Controller.TaskControllerAnonymousTest" file="C:\Users\elzob\Documents\todoco\tests\Controller\TaskControllerAnonymousTest.php" line="54" assertions="1" time="0.047564"/>
          <testcase name="testEntryPoints with data set &quot;testTaskDeleteDeleteAnoIdOk&quot;" class="App\Tests\Controller\TaskControllerAnonymousTest" classname="App.Tests.Controller.TaskControllerAnonymousTest" file="C:\Users\elzob\Documents\todoco\tests\Controller\TaskControllerAnonymousTest.php" line="54" assertions="1" time="0.042808"/>
          <testcase name="testEntryPoints with data set &quot;testTaskDeleteDeleteAnoIdNotValid&quot;" class="App\Tests\Controller\TaskControllerAnonymousTest" classname="App.Tests.Controller.TaskControllerAnonymousTest" file="C:\Users\elzob\Documents\todoco\tests\Controller\TaskControllerAnonymousTest.php" line="54" assertions="1" time="0.138528"/>
          <testcase name="testEntryPoints with data set &quot;testTaskDeleteDeleteAnoAnonymousTask&quot;" class="App\Tests\Controller\TaskControllerAnonymousTest" classname="App.Tests.Controller.TaskControllerAnonymousTest" file="C:\Users\elzob\Documents\todoco\tests\Controller\TaskControllerAnonymousTest.php" line="54" assertions="1" time="0.038910"/>
        </testsuite>
      </testsuite>
      <testsuite name="App\Tests\Controller\TaskControllerUserTest" file="C:\Users\elzob\Documents\todoco\tests\Controller\TaskControllerUserTest.php" tests="20" assertions="24" errors="0" warnings="0" failures="0" skipped="0" time="4.548778">
        <testsuite name="App\Tests\Controller\TaskControllerUserTest::testEntryPoints" tests="20" assertions="24" errors="0" warnings="0" failures="0" skipped="0" time="4.548778">
          <testcase name="testEntryPoints with data set &quot;testTaskListGetUsr&quot;" class="App\Tests\Controller\TaskControllerUserTest" classname="App.Tests.Controller.TaskControllerUserTest" file="C:\Users\elzob\Documents\todoco\tests\Controller\TaskControllerUserTest.php" line="54" assertions="1" time="0.081342"/>
          <testcase name="testEntryPoints with data set &quot;testTaskCreateGetUsr&quot;" class="App\Tests\Controller\TaskControllerUserTest" classname="App.Tests.Controller.TaskControllerUserTest" file="C:\Users\elzob\Documents\todoco\tests\Controller\TaskControllerUserTest.php" line="54" assertions="3" time="0.334340"/>
          <testcase name="testEntryPoints with data set &quot;testTaskEditGetUsrIdOk&quot;" class="App\Tests\Controller\TaskControllerUserTest" classname="App.Tests.Controller.TaskControllerUserTest" file="C:\Users\elzob\Documents\todoco\tests\Controller\TaskControllerUserTest.php" line="54" assertions="3" time="0.524491"/>
          <testcase name="testEntryPoints with data set &quot;testTaskEditGetUsrIdNotValid&quot;" class="App\Tests\Controller\TaskControllerUserTest" classname="App.Tests.Controller.TaskControllerUserTest" file="C:\Users\elzob\Documents\todoco\tests\Controller\TaskControllerUserTest.php" line="54" assertions="1" time="0.178064"/>
          <testcase name="testEntryPoints with data set &quot;testTaskEditGetUsrIdNotBelong&quot;" class="App\Tests\Controller\TaskControllerUserTest" classname="App.Tests.Controller.TaskControllerUserTest" file="C:\Users\elzob\Documents\todoco\tests\Controller\TaskControllerUserTest.php" line="54" assertions="1" time="0.242958"/>
          <testcase name="testEntryPoints with data set &quot;testTaskEditGetUsrAnonymousTask&quot;" class="App\Tests\Controller\TaskControllerUserTest" classname="App.Tests.Controller.TaskControllerUserTest" file="C:\Users\elzob\Documents\todoco\tests\Controller\TaskControllerUserTest.php" line="54" assertions="1" time="0.254304"/>
          <testcase name="testEntryPoints with data set &quot;testTaskEditGetUsrIdNotValidDataOk&quot;" class="App\Tests\Controller\TaskControllerUserTest" classname="App.Tests.Controller.TaskControllerUserTest" file="C:\Users\elzob\Documents\todoco\tests\Controller\TaskControllerUserTest.php" line="54" assertions="1" time="0.181386"/>
          <testcase name="testEntryPoints with data set &quot;testTaskEditGetUsrIdNotValidDataKo&quot;" class="App\Tests\Controller\TaskControllerUserTest" classname="App.Tests.Controller.TaskControllerUserTest" file="C:\Users\elzob\Documents\todoco\tests\Controller\TaskControllerUserTest.php" line="54" assertions="1" time="0.165921"/>
          <testcase name="testEntryPoints with data set &quot;testTaskEditGetUsrIdNotBelongDataOk&quot;" class="App\Tests\Controller\TaskControllerUserTest" classname="App.Tests.Controller.TaskControllerUserTest" file="C:\Users\elzob\Documents\todoco\tests\Controller\TaskControllerUserTest.php" line="54" assertions="1" time="0.254822"/>
          <testcase name="testEntryPoints with data set &quot;testTaskEditGetUsrIdNotBelongDataKo&quot;" class="App\Tests\Controller\TaskControllerUserTest" classname="App.Tests.Controller.TaskControllerUserTest" file="C:\Users\elzob\Documents\todoco\tests\Controller\TaskControllerUserTest.php" line="54" assertions="1" time="0.256323"/>
          <testcase name="testEntryPoints with data set &quot;testTaskEditGetUsrAnonymousTaskDataOk&quot;" class="App\Tests\Controller\TaskControllerUserTest" classname="App.Tests.Controller.TaskControllerUserTest" file="C:\Users\elzob\Documents\todoco\tests\Controller\TaskControllerUserTest.php" line="54" assertions="1" time="0.252398"/>
          <testcase name="testEntryPoints with data set &quot;testTaskEditGetUsrAnonymousTaskDataKo&quot;" class="App\Tests\Controller\TaskControllerUserTest" classname="App.Tests.Controller.TaskControllerUserTest" file="C:\Users\elzob\Documents\todoco\tests\Controller\TaskControllerUserTest.php" line="54" assertions="1" time="0.255360"/>
          <testcase name="testEntryPoints with data set &quot;testTaskTogglePutUsrIdOk&quot;" class="App\Tests\Controller\TaskControllerUserTest" classname="App.Tests.Controller.TaskControllerUserTest" file="C:\Users\elzob\Documents\todoco\tests\Controller\TaskControllerUserTest.php" line="54" assertions="1" time="0.088013"/>
          <testcase name="testEntryPoints with data set &quot;testTaskTogglePutUsrIdNotValid&quot;" class="App\Tests\Controller\TaskControllerUserTest" classname="App.Tests.Controller.TaskControllerUserTest" file="C:\Users\elzob\Documents\todoco\tests\Controller\TaskControllerUserTest.php" line="54" assertions="1" time="0.174178"/>
          <testcase name="testEntryPoints with data set &quot;testTaskTogglePutUsrIdNotBelong&quot;" class="App\Tests\Controller\TaskControllerUserTest" classname="App.Tests.Controller.TaskControllerUserTest" file="C:\Users\elzob\Documents\todoco\tests\Controller\TaskControllerUserTest.php" line="54" assertions="1" time="0.277722"/>
          <testcase name="testEntryPoints with data set &quot;testTaskTogglePutUsrAnonymousTask&quot;" class="App\Tests\Controller\TaskControllerUserTest" classname="App.Tests.Controller.TaskControllerUserTest" file="C:\Users\elzob\Documents\todoco\tests\Controller\TaskControllerUserTest.php" line="54" assertions="1" time="0.264330"/>
          <testcase name="testEntryPoints with data set &quot;testTaskDeleteDeleteUsrIdOk&quot;" class="App\Tests\Controller\TaskControllerUserTest" classname="App.Tests.Controller.TaskControllerUserTest" file="C:\Users\elzob\Documents\todoco\tests\Controller\TaskControllerUserTest.php" line="54" assertions="1" time="0.084500"/>
          <testcase name="testEntryPoints with data set &quot;testTaskDeleteDeleteUsrIdNotValid&quot;" class="App\Tests\Controller\TaskControllerUserTest" classname="App.Tests.Controller.TaskControllerUserTest" file="C:\Users\elzob\Documents\todoco\tests\Controller\TaskControllerUserTest.php" line="54" assertions="1" time="0.175993"/>
          <testcase name="testEntryPoints with data set &quot;testTaskDeleteDeleteUsrIdNotBelong&quot;" class="App\Tests\Controller\TaskControllerUserTest" classname="App.Tests.Controller.TaskControllerUserTest" file="C:\Users\elzob\Documents\todoco\tests\Controller\TaskControllerUserTest.php" line="54" assertions="1" time="0.247524"/>
          <testcase name="testEntryPoints with data set &quot;testTaskDeleteDeleteUsrAnonymousTask&quot;" class="App\Tests\Controller\TaskControllerUserTest" classname="App.Tests.Controller.TaskControllerUserTest" file="C:\Users\elzob\Documents\todoco\tests\Controller\TaskControllerUserTest.php" line="54" assertions="1" time="0.254809"/>
        </testsuite>
      </testsuite>
      <testsuite name="App\Tests\Controller\UserControllerAdminTest" file="C:\Users\elzob\Documents\todoco\tests\Controller\UserControllerAdminTest.php" tests="9" assertions="13" errors="0" warnings="0" failures="0" skipped="0" time="2.675039">
        <testsuite name="App\Tests\Controller\UserControllerAdminTest::testEntryPoints" tests="9" assertions="13" errors="0" warnings="0" failures="0" skipped="0" time="2.675039">
          <testcase name="testEntryPoints with data set &quot;testUserListGetAdm&quot;" class="App\Tests\Controller\UserControllerAdminTest" classname="App.Tests.Controller.UserControllerAdminTest" file="C:\Users\elzob\Documents\todoco\tests\Controller\UserControllerAdminTest.php" line="54" assertions="1" time="0.072896"/>
          <testcase name="testEntryPoints with data set &quot;testUserCreateGetAdm&quot;" class="App\Tests\Controller\UserControllerAdminTest" classname="App.Tests.Controller.UserControllerAdminTest" file="C:\Users\elzob\Documents\todoco\tests\Controller\UserControllerAdminTest.php" line="54" assertions="3" time="0.716784"/>
          <testcase name="testEntryPoints with data set &quot;testUserEditGetAdmIdOk&quot;" class="App\Tests\Controller\UserControllerAdminTest" classname="App.Tests.Controller.UserControllerAdminTest" file="C:\Users\elzob\Documents\todoco\tests\Controller\UserControllerAdminTest.php" line="54" assertions="3" time="1.115666"/>
          <testcase name="testEntryPoints with data set &quot;testUserEditGetAdmIdNotValid&quot;" class="App\Tests\Controller\UserControllerAdminTest" classname="App.Tests.Controller.UserControllerAdminTest" file="C:\Users\elzob\Documents\todoco\tests\Controller\UserControllerAdminTest.php" line="54" assertions="1" time="0.160812"/>
          <testcase name="testEntryPoints with data set &quot;testUserEditGetAdmIdNotBelong&quot;" class="App\Tests\Controller\UserControllerAdminTest" classname="App.Tests.Controller.UserControllerAdminTest" file="C:\Users\elzob\Documents\todoco\tests\Controller\UserControllerAdminTest.php" line="54" assertions="1" time="0.096611"/>
          <testcase name="testEntryPoints with data set &quot;testUserEditGetAdmIdNotValidDataOk&quot;" class="App\Tests\Controller\UserControllerAdminTest" classname="App.Tests.Controller.UserControllerAdminTest" file="C:\Users\elzob\Documents\todoco\tests\Controller\UserControllerAdminTest.php" line="54" assertions="1" time="0.156460"/>
          <testcase name="testEntryPoints with data set &quot;testUserEditGetAdmIdNotValidDataKo&quot;" class="App\Tests\Controller\UserControllerAdminTest" classname="App.Tests.Controller.UserControllerAdminTest" file="C:\Users\elzob\Documents\todoco\tests\Controller\UserControllerAdminTest.php" line="54" assertions="1" time="0.165226"/>
          <testcase name="testEntryPoints with data set &quot;testUserEditGetAdmIdNotBelongDataOk&quot;" class="App\Tests\Controller\UserControllerAdminTest" classname="App.Tests.Controller.UserControllerAdminTest" file="C:\Users\elzob\Documents\todoco\tests\Controller\UserControllerAdminTest.php" line="54" assertions="1" time="0.098718"/>
          <testcase name="testEntryPoints with data set &quot;testUserEditGetAdmIdNotBelongDataKo&quot;" class="App\Tests\Controller\UserControllerAdminTest" classname="App.Tests.Controller.UserControllerAdminTest" file="C:\Users\elzob\Documents\todoco\tests\Controller\UserControllerAdminTest.php" line="54" assertions="1" time="0.091866"/>
        </testsuite>
      </testsuite>
      <testsuite name="App\Tests\Controller\UserControllerAnonymousTest" file="C:\Users\elzob\Documents\todoco\tests\Controller\UserControllerAnonymousTest.php" tests="6" assertions="8" errors="0" warnings="0" failures="0" skipped="0" time="1.229254">
        <testsuite name="App\Tests\Controller\UserControllerAnonymousTest::testEntryPoints" tests="6" assertions="8" errors="0" warnings="0" failures="0" skipped="0" time="1.229254">
          <testcase name="testEntryPoints with data set &quot;testUserListGetAno&quot;" class="App\Tests\Controller\UserControllerAnonymousTest" classname="App.Tests.Controller.UserControllerAnonymousTest" file="C:\Users\elzob\Documents\todoco\tests\Controller\UserControllerAnonymousTest.php" line="54" assertions="1" time="0.065513"/>
          <testcase name="testEntryPoints with data set &quot;testUserCreateGetAno&quot;" class="App\Tests\Controller\UserControllerAnonymousTest" classname="App.Tests.Controller.UserControllerAnonymousTest" file="C:\Users\elzob\Documents\todoco\tests\Controller\UserControllerAnonymousTest.php" line="54" assertions="3" time="0.707675"/>
          <testcase name="testEntryPoints with data set &quot;testUserEditGetAnoIdOk&quot;" class="App\Tests\Controller\UserControllerAnonymousTest" classname="App.Tests.Controller.UserControllerAnonymousTest" file="C:\Users\elzob\Documents\todoco\tests\Controller\UserControllerAnonymousTest.php" line="54" assertions="1" time="0.056486"/>
          <testcase name="testEntryPoints with data set &quot;testUserEditGetAnoIdNotValid&quot;" class="App\Tests\Controller\UserControllerAnonymousTest" classname="App.Tests.Controller.UserControllerAnonymousTest" file="C:\Users\elzob\Documents\todoco\tests\Controller\UserControllerAnonymousTest.php" line="54" assertions="1" time="0.149383"/>
          <testcase name="testEntryPoints with data set &quot;testUserEditGetAnoIdNotValidDataOk&quot;" class="App\Tests\Controller\UserControllerAnonymousTest" classname="App.Tests.Controller.UserControllerAnonymousTest" file="C:\Users\elzob\Documents\todoco\tests\Controller\UserControllerAnonymousTest.php" line="54" assertions="1" time="0.129338"/>
          <testcase name="testEntryPoints with data set &quot;testUserEditGetAnoIdNotValidDataKo&quot;" class="App\Tests\Controller\UserControllerAnonymousTest" classname="App.Tests.Controller.UserControllerAnonymousTest" file="C:\Users\elzob\Documents\todoco\tests\Controller\UserControllerAnonymousTest.php" line="54" assertions="1" time="0.120859"/>
        </testsuite>
      </testsuite>
      <testsuite name="App\Tests\Controller\UserControllerUserTest" file="C:\Users\elzob\Documents\todoco\tests\Controller\UserControllerUserTest.php" tests="9" assertions="13" errors="0" warnings="0" failures="0" skipped="0" time="3.479836">
        <testsuite name="App\Tests\Controller\UserControllerUserTest::testEntryPoints" tests="9" assertions="13" errors="0" warnings="0" failures="0" skipped="0" time="3.479836">
          <testcase name="testEntryPoints with data set &quot;testUserListGetUsr&quot;" class="App\Tests\Controller\UserControllerUserTest" classname="App.Tests.Controller.UserControllerUserTest" file="C:\Users\elzob\Documents\todoco\tests\Controller\UserControllerUserTest.php" line="54" assertions="1" time="0.228901"/>
          <testcase name="testEntryPoints with data set &quot;testUserCreateGetUsr&quot;" class="App\Tests\Controller\UserControllerUserTest" classname="App.Tests.Controller.UserControllerUserTest" file="C:\Users\elzob\Documents\todoco\tests\Controller\UserControllerUserTest.php" line="54" assertions="3" time="0.715194"/>
          <testcase name="testEntryPoints with data set &quot;testUserEditGetUsrIdOk&quot;" class="App\Tests\Controller\UserControllerUserTest" classname="App.Tests.Controller.UserControllerUserTest" file="C:\Users\elzob\Documents\todoco\tests\Controller\UserControllerUserTest.php" line="54" assertions="3" time="1.125725"/>
          <testcase name="testEntryPoints with data set &quot;testUserEditGetUsrIdNotValid&quot;" class="App\Tests\Controller\UserControllerUserTest" classname="App.Tests.Controller.UserControllerUserTest" file="C:\Users\elzob\Documents\todoco\tests\Controller\UserControllerUserTest.php" line="54" assertions="1" time="0.188434"/>
          <testcase name="testEntryPoints with data set &quot;testUserEditGetUsrIdNotBelong&quot;" class="App\Tests\Controller\UserControllerUserTest" classname="App.Tests.Controller.UserControllerUserTest" file="C:\Users\elzob\Documents\todoco\tests\Controller\UserControllerUserTest.php" line="54" assertions="1" time="0.262315"/>
          <testcase name="testEntryPoints with data set &quot;testUserEditGetUsrIdNotValidDataOk&quot;" class="App\Tests\Controller\UserControllerUserTest" classname="App.Tests.Controller.UserControllerUserTest" file="C:\Users\elzob\Documents\todoco\tests\Controller\UserControllerUserTest.php" line="54" assertions="1" time="0.186641"/>
          <testcase name="testEntryPoints with data set &quot;testUserEditGetUsrIdNotValidDataKo&quot;" class="App\Tests\Controller\UserControllerUserTest" classname="App.Tests.Controller.UserControllerUserTest" file="C:\Users\elzob\Documents\todoco\tests\Controller\UserControllerUserTest.php" line="54" assertions="1" time="0.216998"/>
          <testcase name="testEntryPoints with data set &quot;testUserEditGetUsrIdNotBelongDataOk&quot;" class="App\Tests\Controller\UserControllerUserTest" classname="App.Tests.Controller.UserControllerUserTest" file="C:\Users\elzob\Documents\todoco\tests\Controller\UserControllerUserTest.php" line="54" assertions="1" time="0.279005"/>
          <testcase name="testEntryPoints with data set &quot;testUserEditGetUsrIdNotBelongDataKo&quot;" class="App\Tests\Controller\UserControllerUserTest" classname="App.Tests.Controller.UserControllerUserTest" file="C:\Users\elzob\Documents\todoco\tests\Controller\UserControllerUserTest.php" line="54" assertions="1" time="0.276623"/>
        </testsuite>
      </testsuite>
      <testsuite name="App\Tests\Entity\TaskTest" file="C:\Users\elzob\Documents\todoco\tests\Entity\TaskTest.php" tests="9" assertions="9" errors="0" warnings="0" failures="0" skipped="0" time="0.012297">
        <testcase name="testToggleStateMethod" class="App\Tests\Entity\TaskTest" classname="App.Tests.Entity.TaskTest" file="C:\Users\elzob\Documents\todoco\tests\Entity\TaskTest.php" line="55" assertions="1" time="0.000685"/>
        <testcase name="testSetStateMethod" class="App\Tests\Entity\TaskTest" classname="App.Tests.Entity.TaskTest" file="C:\Users\elzob\Documents\todoco\tests\Entity\TaskTest.php" line="63" assertions="1" time="0.001375"/>
        <testcase name="testSetDateMethod" class="App\Tests\Entity\TaskTest" classname="App.Tests.Entity.TaskTest" file="C:\Users\elzob\Documents\todoco\tests\Entity\TaskTest.php" line="70" assertions="1" time="0.001377"/>
        <testcase name="testSetCreatedAtMethod" class="App\Tests\Entity\TaskTest" classname="App.Tests.Entity.TaskTest" file="C:\Users\elzob\Documents\todoco\tests\Entity\TaskTest.php" line="77" assertions="1" time="0.001394"/>
        <testsuite name="App\Tests\Entity\TaskTest::testSetter" tests="5" assertions="5" errors="0" warnings="0" failures="0" skipped="0" time="0.007465">
          <testcase name="testSetter with data set &quot;testCreatedAtVariable&quot;" class="App\Tests\Entity\TaskTest" classname="App.Tests.Entity.TaskTest" file="C:\Users\elzob\Documents\todoco\tests\Entity\TaskTest.php" line="18" assertions="1" time="0.001975"/>
          <testcase name="testSetter with data set &quot;testTitleVariable&quot;" class="App\Tests\Entity\TaskTest" classname="App.Tests.Entity.TaskTest" file="C:\Users\elzob\Documents\todoco\tests\Entity\TaskTest.php" line="18" assertions="1" time="0.001349"/>
          <testcase name="testSetter with data set &quot;testContentVariable&quot;" class="App\Tests\Entity\TaskTest" classname="App.Tests.Entity.TaskTest" file="C:\Users\elzob\Documents\todoco\tests\Entity\TaskTest.php" line="18" assertions="1" time="0.001392"/>
          <testcase name="testSetter with data set &quot;testIsDoneVariable&quot;" class="App\Tests\Entity\TaskTest" classname="App.Tests.Entity.TaskTest" file="C:\Users\elzob\Documents\todoco\tests\Entity\TaskTest.php" line="18" assertions="1" time="0.001347"/>
          <testcase name="testSetter with data set &quot;testAuthorVariable&quot;" class="App\Tests\Entity\TaskTest" classname="App.Tests.Entity.TaskTest" file="C:\Users\elzob\Documents\todoco\tests\Entity\TaskTest.php" line="18" assertions="1" time="0.001403"/>
        </testsuite>
      </testsuite>
      <testsuite name="App\Tests\Entity\UserTest" file="C:\Users\elzob\Documents\todoco\tests\Entity\UserTest.php" tests="5" assertions="6" errors="0" warnings="0" failures="0" skipped="0" time="0.016143">
        <testcase name="testTaskVariable" class="App\Tests\Entity\UserTest" classname="App.Tests.Entity.UserTest" file="C:\Users\elzob\Documents\todoco\tests\Entity\UserTest.php" line="49" assertions="2" time="0.010272"/>
        <testsuite name="App\Tests\Entity\UserTest::testSetter" tests="4" assertions="4" errors="0" warnings="0" failures="0" skipped="0" time="0.005871">
          <testcase name="testSetter with data set &quot;testUsernameVariable&quot;" class="App\Tests\Entity\UserTest" classname="App.Tests.Entity.UserTest" file="C:\Users\elzob\Documents\todoco\tests\Entity\UserTest.php" line="18" assertions="1" time="0.001568"/>
          <testcase name="testSetter with data set &quot;testPasswordVariable&quot;" class="App\Tests\Entity\UserTest" classname="App.Tests.Entity.UserTest" file="C:\Users\elzob\Documents\todoco\tests\Entity\UserTest.php" line="18" assertions="1" time="0.001418"/>
          <testcase name="testSetter with data set &quot;testEmailVariable&quot;" class="App\Tests\Entity\UserTest" classname="App.Tests.Entity.UserTest" file="C:\Users\elzob\Documents\todoco\tests\Entity\UserTest.php" line="18" assertions="1" time="0.001473"/>
          <testcase name="testSetter with data set &quot;testRoleVariable&quot;" class="App\Tests\Entity\UserTest" classname="App.Tests.Entity.UserTest" file="C:\Users\elzob\Documents\todoco\tests\Entity\UserTest.php" line="18" assertions="1" time="0.001412"/>
        </testsuite>
      </testsuite>
      <testsuite name="App\Tests\Manager\UserManagerTest" file="C:\Users\elzob\Documents\todoco\tests\Manager\UserManagerTest.php" tests="1" assertions="1" errors="0" warnings="0" failures="0" skipped="0" time="0.875236">
        <testcase name="testSetPassword" class="App\Tests\Manager\UserManagerTest" classname="App.Tests.Manager.UserManagerTest" file="C:\Users\elzob\Documents\todoco\tests\Manager\UserManagerTest.php" line="26" assertions="1" time="0.875236"/>
      </testsuite>
      <testsuite name="App\Tests\Repository\TaskRepositoryTest" file="C:\Users\elzob\Documents\todoco\tests\Repository\TaskRepositoryTest.php" tests="1" assertions="400" errors="0" warnings="0" failures="0" skipped="0" time="0.100462">
        <testcase name="testFindByUser" class="App\Tests\Repository\TaskRepositoryTest" classname="App.Tests.Repository.TaskRepositoryTest" file="C:\Users\elzob\Documents\todoco\tests\Repository\TaskRepositoryTest.php" line="22" assertions="400" time="0.100462"/>
      </testsuite>
    </testsuite>
  </testsuite>
</testsuites>
